
> chartilyze-web@0.1.0 start
> next start

   ▲ Next.js 15.3.3
   - Local:        http://localhost:3000
   - Network:      http://145.223.97.65:3000

 ✓ Starting...

> chartilyze-web@0.1.0 start
> next start

   ▲ Next.js 15.3.3
   - Local:        http://localhost:3000
   - Network:      http://145.223.97.65:3000

 ✓ Starting...

> chartilyze-web@0.1.0 start
> next start

   ▲ Next.js 15.3.3
   - Local:        http://localhost:3000
   - Network:      http://145.223.97.65:3000

 ✓ Starting...

> chartilyze-web@0.1.0 start
> next start

   ▲ Next.js 15.3.3
   - Local:        http://localhost:3000
   - Network:      http://145.223.97.65:3000

 ✓ Starting...

> chartilyze-web@0.1.0 start
> next start

   ▲ Next.js 15.3.3
   - Local:        http://localhost:3000
   - Network:      http://145.223.97.65:3000

 ✓ Starting...

> chartilyze-web@0.1.0 start
> next start

   ▲ Next.js 15.3.3
   - Local:        http://localhost:3000
   - Network:      http://145.223.97.65:3000

 ✓ Starting...

> chartilyze-web@0.1.0 start
> next start

   ▲ Next.js 15.3.3
   - Local:        http://localhost:3000
   - Network:      http://145.223.97.65:3000

 ✓ Starting...

> chartilyze-web@0.1.0 start
> next start

   ▲ Next.js 15.3.3
   - Local:        http://localhost:3000
   - Network:      http://145.223.97.65:3000

 ✓ Starting...

> chartilyze-web@0.1.0 start
> next start

   ▲ Next.js 15.3.3
   - Local:        http://localhost:3000
   - Network:      http://145.223.97.65:3000

 ✓ Starting...

> chartilyze-web@0.1.0 start
> next start

   ▲ Next.js 15.3.3
   - Local:        http://localhost:3000
   - Network:      http://145.223.97.65:3000

 ✓ Starting...

> chartilyze-web@0.1.0 start
> next start

   ▲ Next.js 15.3.3
   - Local:        http://localhost:3000
   - Network:      http://145.223.97.65:3000

 ✓ Starting...

> chartilyze-web@0.1.0 start
> next start

   ▲ Next.js 15.3.3
   - Local:        http://localhost:3000
   - Network:      http://145.223.97.65:3000

 ✓ Starting...

> chartilyze-web@0.1.0 start
> next start

   ▲ Next.js 15.3.3
   - Local:        http://localhost:3000
   - Network:      http://145.223.97.65:3000

 ✓ Starting...

> chartilyze-web@0.1.0 start
> next start

   ▲ Next.js 15.3.3
   - Local:        http://localhost:3000
   - Network:      http://145.223.97.65:3000

 ✓ Starting...

> chartilyze-web@0.1.0 start
> next start

   ▲ Next.js 15.3.3
   - Local:        http://localhost:3000
   - Network:      http://145.223.97.65:3000

 ✓ Starting...

> chartilyze-web@0.1.0 start
> next start

   ▲ Next.js 15.3.3
   - Local:        http://localhost:3000
   - Network:      http://145.223.97.65:3000

 ✓ Starting...

> chartilyze-web@0.1.0 start
> next start

   ▲ Next.js 15.3.3
   - Local:        http://localhost:3000
   - Network:      http://145.223.97.65:3000

 ✓ Starting...

> chartilyze-web@0.1.0 start
> next start

   ▲ Next.js 15.3.3
   - Local:        http://localhost:3000
   - Network:      http://145.223.97.65:3000

 ✓ Starting...

> chartilyze-web@0.1.0 start
> next start

   ▲ Next.js 15.3.3
   - Local:        http://localhost:3000
   - Network:      http://145.223.97.65:3000

 ✓ Starting...

> chartilyze-web@0.1.0 start
> next start

   ▲ Next.js 15.3.3
   - Local:        http://localhost:3000
   - Network:      http://145.223.97.65:3000

 ✓ Starting...

> chartilyze-web@0.1.0 start
> next start

   ▲ Next.js 15.3.3
   - Local:        http://localhost:3000
   - Network:      http://145.223.97.65:3000

 ✓ Starting...

> chartilyze-web@0.1.0 start
> next start

   ▲ Next.js 15.3.3
   - Local:        http://localhost:3000
   - Network:      http://145.223.97.65:3000

 ✓ Starting...

> chartilyze-web@0.1.0 start
> next start

   ▲ Next.js 15.3.3
   - Local:        http://localhost:3000
   - Network:      http://145.223.97.65:3000

 ✓ Starting...
 ✓ Ready in 547ms
Runtime NEXT_PUBLIC_CONVEX_URL: https://decisive-tapir-206.convex.cloud
